Build started 1/15/2015 11:16:30 AM.
     1>Project "C:\Users\captainobody1\documents\visual studio 2013\Projects\Ycodechap2_1\Ycodechap2_1\Ycodechap2_1.vcxproj" on node 2 (Build target(s)).
     1>ClCompile:
         C:\Program Files (x86)\Microsoft Visual Studio 12.0\VC\bin\CL.exe /c /ZI /nologo /W3 /WX- /sdl /Od /Oy- /D _MBCS /Gm /EHsc /RTC1 /MDd /GS /fp:precise /Zc:wchar_t /Zc:forScope /Fo"Debug\\" /Fd"Debug\vc120.pdb" /Gd /TP /analyze- /errorReport:prompt Stringmanipulation.cpp
         Stringmanipulation.cpp
     1>c:\users\captainobody1\documents\visual studio 2013\projects\ycodechap2_1\ycodechap2_1\stringmanipulation.cpp(19): error C2143: syntax error : missing ';' before 'return'
     1>Done Building Project "C:\Users\captainobody1\documents\visual studio 2013\Projects\Ycodechap2_1\Ycodechap2_1\Ycodechap2_1.vcxproj" (Build target(s)) -- FAILED.

Build FAILED.

Time Elapsed 00:00:00.38
