Build started 2/26/2015 8:27:18 PM.
     1>Project "C:\Users\captainobody1\Documents\Visual Studio 2013\Projects\Lab5version1\Lab4\Lab4.vcxproj" on node 2 (Build target(s)).
     1>ClCompile:
         C:\Program Files (x86)\Microsoft Visual Studio 12.0\VC\bin\CL.exe /c /ZI /nologo /W3 /WX- /sdl /Od /Oy- /D _MBCS /Gm /EHsc /RTC1 /MDd /GS /fp:precise /Zc:wchar_t /Zc:forScope /Fo"Debug\\" /Fd"Debug\vc120.pdb" /Gd /TP /analyze- /errorReport:prompt Lab4.cpp
         Lab4.cpp
     1>c:\users\captainobody1\documents\visual studio 2013\projects\lab5version1\lab4\lab4.cpp(107): warning C4244: 'argument' : conversion from 'double' to 'int', possible loss of data
     1>c:\users\captainobody1\documents\visual studio 2013\projects\lab5version1\lab4\lab4.cpp(130): warning C4244: 'argument' : conversion from 'double' to 'int', possible loss of data
     1>c:\users\captainobody1\documents\visual studio 2013\projects\lab5version1\lab4\lab4.cpp(142): warning C4244: 'argument' : conversion from 'time_t' to 'unsigned int', possible loss of data
     1>c:\users\captainobody1\documents\visual studio 2013\projects\lab5version1\lab4\lab4.cpp(63): error C4700: uninitialized local variable 'end_position' used
     1>c:\users\captainobody1\documents\visual studio 2013\projects\lab5version1\lab4\lab4.cpp(130): error C4700: uninitialized local variable 'winnings' used
     1>Done Building Project "C:\Users\captainobody1\Documents\Visual Studio 2013\Projects\Lab5version1\Lab4\Lab4.vcxproj" (Build target(s)) -- FAILED.

Build FAILED.

Time Elapsed 00:00:02.23
